<?xml version="1.0" encoding="utf-8"?><testsuites name="pytest tests"><testsuite name="pytest" errors="0" failures="0" skipped="0" tests="29" time="9.022" timestamp="2026-08-13T14:38:25.485700+00:00" hostname="agent-env-c6f28061-c0da-4747-a963-452a50e578e1"><testcase classname="tests.backend_test.TestAuth" name="test_health" time="0.250" /><testcase classname="tests.backend_test.TestAuth" name="test_login_super" time="0.517" /><testcase classname="tests.backend_test.TestSuperAdmin" name="test_stats" time="0.781" /><testcase classname="tests.backend_test.TestAuth" name="test_login_wrong_password" time="0.301" /><testcase classname="tests.backend_test.TestSuperAdmin" name="test_schools_search" time="0.289" /><testcase classname="tests.backend_test.TestSuperAdmin" name="test_extend_suspend_activate" time="1.104" /><testcase classname="tests.backend_test.TestAuth" name="test_me_via_bearer" time="0.557" /><testcase classname="tests.backend_test.TestAuth" name="test_me_unauth" time="0.072" /><testcase classname="tests.backend_test.TestAuth" name="test_logout_clears_cookies" time="0.396" /><testcase classname="tests.backend_test.TestAuth" name="test_forgot_password_creates_token" time="0.122" /><testcase classname="tests.backend_test.TestSuperAdmin" name="test_audit_logs" time="0.086" /><testcase classname="tests.backend_test.TestAuth" name="test_register_school_and_trial" time="0.553" /><testcase classname="tests.backend_test.TestSuperAdmin" name="test_school_endpoints_forbidden_for_school_admin" time="0.590" /><testcase classname="tests.backend_test.TestAuth" name="test_register_duplicate_email" time="0.379" /><testcase classname="tests.backend_test.TestTenantIsolation" name="test_students_disjoint" time="0.676" /><testcase classname="tests.backend_test.TestRoleGating" name="test_teacher_can_list_students" time="0.372" /><testcase classname="tests.backend_test.TestRoleGating" name="test_teacher_cannot_create_student" time="0.172" /><testcase classname="tests.backend_test.TestTenantIsolation" name="test_cross_school_student_404" time="0.304" /><testcase classname="tests.backend_test.TestRoleGating" name="test_teacher_can_create_notice" time="0.079" /><testcase classname="tests.backend_test.TestRoleGating" name="test_teacher_cannot_create_class" time="0.079" /><testcase classname="tests.backend_test.TestTenantIsolation" name="test_classes_disjoint" time="0.148" /><testcase classname="tests.backend_test.TestTrial" name="test_green_valley_7d" time="0.113" /><testcase classname="tests.backend_test.TestTenantIsolation" name="test_notices_disjoint" time="0.434" /><testcase classname="tests.backend_test.TestTrial" name="test_iqra_state" time="0.387" /><testcase classname="tests.backend_test.TestCRUDFlow" name="test_full_flow" time="1.555" /><testcase classname="tests.backend_test.TestPaymentFlow" name="test_submit_and_approve" time="0.795" /><testcase classname="tests.backend_test.TestSubscriptionExpiry" name="test_402_when_expired" time="0.902" /><testcase classname="tests.backend_test.TestTimetable" name="test_teacher_conflict" time="0.434" /><testcase classname="tests.backend_test.TestLockout" name="test_lockout_flaky_due_to_ip_identifier" time="2.171" /></testsuite></testsuites>