<?xml version="1.0" encoding="utf-8"?><testsuites name="pytest tests"><testsuite name="pytest" errors="0" failures="1" skipped="0" tests="29" time="16.288" timestamp="2026-08-13T14:10:13.814908+00:00" hostname="agent-env-c6f28061-c0da-4747-a963-452a50e578e1"><testcase classname="tests.backend_test.TestAuth" name="test_health" time="0.335" /><testcase classname="tests.backend_test.TestSuperAdmin" name="test_stats" time="0.415" /><testcase classname="tests.backend_test.TestAuth" name="test_login_super" time="0.351" /><testcase classname="tests.backend_test.TestSuperAdmin" name="test_schools_search" time="0.232" /><testcase classname="tests.backend_test.TestSuperAdmin" name="test_extend_suspend_activate" time="0.945" /><testcase classname="tests.backend_test.TestAuth" name="test_login_wrong_password" time="0.518" /><testcase classname="tests.backend_test.TestAuth" name="test_me_via_bearer" time="0.387" /><testcase classname="tests.backend_test.TestAuth" name="test_me_unauth" time="0.091" /><testcase classname="tests.backend_test.TestSuperAdmin" name="test_audit_logs" time="0.095"><failure message="assert 500 == 200&#10; +  where 500 = &lt;Response [500]&gt;.status_code">E   assert 500 == 200
     +  where 500 = &lt;Response [500]&gt;.status_code</failure></testcase><testcase classname="tests.backend_test.TestAuth" name="test_logout_clears_cookies" time="0.607" /><testcase classname="tests.backend_test.TestSuperAdmin" name="test_school_endpoints_forbidden_for_school_admin" time="0.599" /><testcase classname="tests.backend_test.TestAuth" name="test_forgot_password_creates_token" time="0.302" /><testcase classname="tests.backend_test.TestTenantIsolation" name="test_students_disjoint" time="0.694" /><testcase classname="tests.backend_test.TestAuth" name="test_register_school_and_trial" time="0.440" /><testcase classname="tests.backend_test.TestTenantIsolation" name="test_cross_school_student_404" time="0.459" /><testcase classname="tests.backend_test.TestAuth" name="test_register_duplicate_email" time="0.078" /><testcase classname="tests.backend_test.TestTenantIsolation" name="test_classes_disjoint" time="0.192" /><testcase classname="tests.backend_test.TestRoleGating" name="test_teacher_can_list_students" time="0.457" /><testcase classname="tests.backend_test.TestRoleGating" name="test_teacher_cannot_create_student" time="0.195" /><testcase classname="tests.backend_test.TestTenantIsolation" name="test_notices_disjoint" time="0.149" /><testcase classname="tests.backend_test.TestRoleGating" name="test_teacher_can_create_notice" time="0.088" /><testcase classname="tests.backend_test.TestTrial" name="test_green_valley_7d" time="2.134" /><testcase classname="tests.backend_test.TestRoleGating" name="test_teacher_cannot_create_class" time="2.111" /><testcase classname="tests.backend_test.TestTrial" name="test_iqra_state" time="3.413" /><testcase classname="tests.backend_test.TestPaymentFlow" name="test_submit_and_approve" time="4.086" /><testcase classname="tests.backend_test.TestCRUDFlow" name="test_full_flow" time="1.515" /><testcase classname="tests.backend_test.TestTimetable" name="test_teacher_conflict" time="0.481" /><testcase classname="tests.backend_test.TestLockout" name="test_lockout_flaky_due_to_ip_identifier" time="5.194" /><testcase classname="tests.backend_test.TestSubscriptionExpiry" name="test_402_when_expired" time="1.261" /></testsuite></testsuites>