<?xml version="1.0" encoding="utf-8"?><testsuites name="pytest tests"><testsuite name="pytest" errors="0" failures="0" skipped="0" tests="35" time="6.424" timestamp="2026-08-14T10:20:56.158883+00:00" hostname="agent-env-c6f28061-c0da-4747-a963-452a50e578e1"><testcase classname="tests.test_phase3.TestAdmissions" name="test_public_schools" time="0.480" /><testcase classname="tests.test_phase3.TestExpenses" name="test_create_by_admin" time="0.570" /><testcase classname="tests.test_phase3.TestAdmissions" name="test_public_enquiry_no_auth" time="0.612" /><testcase classname="tests.test_phase3.TestExpenses" name="test_teacher_forbidden" time="0.586" /><testcase classname="tests.test_phase3.TestAdmissions" name="test_public_enquiry_invalid_school_404" time="0.082" /><testcase classname="tests.test_phase3.TestExpenses" name="test_parent_forbidden" time="0.554" /><testcase classname="tests.test_phase3.TestAdmissions" name="test_list_teacher_403" time="0.611" /><testcase classname="tests.test_phase3.TestExpenses" name="test_list_filters" time="0.507" /><testcase classname="tests.test_phase3.TestAdmissions" name="test_list_admin_tenant_scoped" time="0.756" /><testcase classname="tests.test_phase3.TestExpenses" name="test_cross_tenant_invisible" time="0.438" /><testcase classname="tests.test_phase3.TestAdmissions" name="test_convert_creates_student" time="0.401" /><testcase classname="tests.test_phase3.TestExpenses" name="test_cross_tenant_approve_404" time="0.118" /><testcase classname="tests.test_phase3.TestExpenses" name="test_approve_creates_ledger" time="0.161" /><testcase classname="tests.test_phase3.TestExpenses" name="test_double_approve_fails" time="0.134" /><testcase classname="tests.test_phase3.TestAdmissions" name="test_cross_tenant_convert_404" time="0.312" /><testcase classname="tests.test_phase3.TestPayroll" name="test_set_salary" time="0.190" /><testcase classname="tests.test_phase3.TestSystemSettings" name="test_get_requires_super_admin_school_admin_403" time="0.083" /><testcase classname="tests.test_phase3.TestSystemSettings" name="test_get_teacher_403" time="0.131" /><testcase classname="tests.test_phase3.TestPayroll" name="test_cross_tenant_salary_404" time="0.161" /><testcase classname="tests.test_phase3.TestPayroll" name="test_process_and_pay_and_slip" time="1.139" /><testcase classname="tests.test_phase3.TestSystemSettings" name="test_super_admin_can_get" time="0.413" /><testcase classname="tests.test_phase3.TestSystemSettings" name="test_super_admin_can_put" time="0.584" /><testcase classname="tests.test_phase3.TestSystemSettings" name="test_put_school_admin_403" time="0.129" /><testcase classname="tests.test_phase3.TestPayroll" name="test_pay_double_400" time="0.160" /><testcase classname="tests.test_phase3.TestSystemSettings" name="test_public_branding_no_auth" time="0.085" /><testcase classname="tests.test_phase3.TestReports" name="test_summary_admin" time="0.286" /><testcase classname="tests.test_phase3.TestParentDashboard" name="test_parent_dashboard_scoped" time="0.428" /><testcase classname="tests.test_phase3.TestReports" name="test_summary_teacher_403" time="0.078" /><testcase classname="tests.test_phase3.TestReports" name="test_students_csv" time="0.086" /><testcase classname="tests.test_phase3.TestParentDashboard" name="test_school_admin_dashboard_wide" time="0.077" /><testcase classname="tests.test_phase3.TestReports" name="test_fee_csv" time="0.075" /><testcase classname="tests.test_phase3.TestAccounts" name="test_create_and_list" time="0.193" /><testcase classname="tests.test_phase3.TestResultCardPDF" name="test_admin_pdf_ok" time="0.360" /><testcase classname="tests.test_phase3.TestAccounts" name="test_ledger_tenant_scoped" time="0.218" /><testcase classname="tests.test_phase3.TestResultCardPDF" name="test_cross_tenant_pdf_404" time="0.269" /></testsuite></testsuites>