<?xml version="1.0" encoding="utf-8"?><testsuites name="pytest tests"><testsuite name="pytest" errors="0" failures="0" skipped="0" tests="124" time="36.165" timestamp="2026-08-14T10:22:19.062318+00:00" hostname="agent-env-c6f28061-c0da-4747-a963-452a50e578e1"><testcase classname="tests.backend_test.TestAuth" name="test_health" time="0.218" /><testcase classname="tests.backend_test.TestAuth" name="test_login_super" time="0.493" /><testcase classname="tests.backend_test.TestAuth" name="test_login_wrong_password" time="0.305" /><testcase classname="tests.test_phase2b.TestIdCards" name="test_id_card_preview" time="1.320" /><testcase classname="tests.backend_test.TestAuth" name="test_me_via_bearer" time="0.375" /><testcase classname="tests.backend_test.TestAuth" name="test_me_unauth" time="0.254" /><testcase classname="tests.backend_test.TestAuth" name="test_logout_clears_cookies" time="0.775" /><testcase classname="tests.test_phase2b.TestIdCards" name="test_id_card_cross_school_404" time="0.489" /><testcase classname="tests.test_phase2b.TestIdCards" name="test_bulk_by_student_ids" time="0.152" /><testcase classname="tests.test_phase2b.TestIdCards" name="test_bulk_by_class" time="0.457" /><testcase classname="tests.test_phase2b.TestIdCards" name="test_bulk_requires_input" time="0.069" /><testcase classname="tests.backend_test.TestAuth" name="test_forgot_password_creates_token" time="0.072" /><testcase classname="tests.test_phase2b.TestIdCards" name="test_bulk_class_from_other_school_returns_404_or_no_match" time="0.374" /><testcase classname="tests.backend_test.TestAuth" name="test_register_school_and_trial" time="0.366" /><testcase classname="tests.backend_test.TestAuth" name="test_register_duplicate_email" time="0.296" /><testcase classname="tests.test_phase2b.TestIdCards" name="test_teacher_allowed_pdf" time="0.678" /><testcase classname="tests.test_phase2b.TestPhotoUpload" name="test_upload_and_download_same_school" time="0.715" /><testcase classname="tests.test_phase2b.TestIdCards" name="test_parent_forbidden_pdf" time="0.408" /><testcase classname="tests.test_phase2b.TestPhotoUpload" name="test_reject_non_image" time="0.149" /><testcase classname="tests.test_phase2b.TestPhotoUpload" name="test_reject_oversize" time="2.484" /><testcase classname="tests.test_phase2b.TestIdCards" name="test_student_forbidden_pdf" time="2.530" /><testcase classname="tests.test_phase2b.TestPhotoUpload" name="test_tenant_isolation_serve_returns_404" time="0.855" /><testcase classname="tests.test_phase3.TestExpenses" name="test_create_by_admin" time="0.589" /><testcase classname="tests.test_phase3.TestExpenses" name="test_teacher_forbidden" time="0.594" /><testcase classname="tests.test_phase2b.TestPhotoUpload" name="test_teacher_same_school_can_view" time="0.598" /><testcase classname="tests.test_phase3.TestExpenses" name="test_parent_forbidden" time="0.371" /><testcase classname="tests.test_phase3.TestExpenses" name="test_list_filters" time="0.432" /><testcase classname="tests.test_phase2b.TestPhotoUpload" name="test_super_admin_can_view_any_file" time="0.419" /><testcase classname="tests.test_phase2b.TestPhotoUpload" name="test_path_traversal_rejected" time="0.161" /><testcase classname="tests.test_phase2b.TestPhotoUpload" name="test_unauthenticated_download_401" time="0.238" /><testcase classname="tests.test_phase3.TestExpenses" name="test_cross_tenant_invisible" time="0.387" /><testcase classname="tests.test_phase3.TestExpenses" name="test_cross_tenant_approve_404" time="0.241" /><testcase classname="tests.test_phase3.TestExpenses" name="test_approve_creates_ledger" time="0.588" /><testcase classname="tests.test_phase3.TestExpenses" name="test_double_approve_fails" time="0.116" /><testcase classname="tests.test_phase2.TestDiary" name="test_teacher_can_post" time="1.114" /><testcase classname="tests.test_phase3.TestAdmissions" name="test_public_schools" time="0.081" /><testcase classname="tests.test_phase3.TestAdmissions" name="test_public_enquiry_no_auth" time="0.076" /><testcase classname="tests.test_phase3.TestAdmissions" name="test_public_enquiry_invalid_school_404" time="0.247" /><testcase classname="tests.test_phase3.TestAdmissions" name="test_list_teacher_403" time="0.113" /><testcase classname="tests.test_phase2.TestDiary" name="test_parent_cannot_post" time="0.471" /><testcase classname="tests.test_phase3.TestAdmissions" name="test_list_admin_tenant_scoped" time="0.427" /><testcase classname="tests.test_phase2.TestDiary" name="test_student_cannot_post" time="0.440" /><testcase classname="tests.test_phase3.TestAdmissions" name="test_convert_creates_student" time="0.406" /><testcase classname="tests.test_phase2.TestDiary" name="test_parent_get_scoped_to_children" time="0.361" /><testcase classname="tests.test_phase3.TestAdmissions" name="test_cross_tenant_convert_404" time="0.250" /><testcase classname="tests.test_phase2.TestDiary" name="test_student_get_scoped_to_own_class" time="0.210" /><testcase classname="tests.test_phase3.TestSystemSettings" name="test_get_requires_super_admin_school_admin_403" time="0.274" /><testcase classname="tests.test_phase3.TestSystemSettings" name="test_get_teacher_403" time="0.098" /><testcase classname="tests.test_phase2.TestDiary" name="test_tenant_isolation_diary" time="1.446" /><testcase classname="tests.test_phase3.TestSystemSettings" name="test_super_admin_can_get" time="0.774" /><testcase classname="tests.test_phase3.TestSystemSettings" name="test_super_admin_can_put" time="0.584" /><testcase classname="tests.test_phase2.TestDiary" name="test_author_delete_only" time="0.945" /><testcase classname="tests.test_phase3.TestSystemSettings" name="test_put_school_admin_403" time="0.083" /><testcase classname="tests.test_phase3.TestSystemSettings" name="test_public_branding_no_auth" time="0.097" /><testcase classname="tests.test_phase2.TestReminders" name="test_config_not_configured" time="0.402" /><testcase classname="tests.test_phase2.TestReminders" name="test_config_update_admin_only" time="0.724" /><testcase classname="tests.backend_test.TestSuperAdmin" name="test_stats" time="0.673" /><testcase classname="tests.backend_test.TestSuperAdmin" name="test_schools_search" time="0.084" /><testcase classname="tests.backend_test.TestSuperAdmin" name="test_extend_suspend_activate" time="0.777" /><testcase classname="tests.test_phase2.TestReminders" name="test_due_soon" time="0.725" /><testcase classname="tests.test_phase2.TestReminders" name="test_send_dry_run_does_not_claim_sent" time="0.230" /><testcase classname="tests.backend_test.TestSuperAdmin" name="test_audit_logs" time="0.084" /><testcase classname="tests.backend_test.TestSuperAdmin" name="test_school_endpoints_forbidden_for_school_admin" time="0.070" /><testcase classname="tests.test_phase2.TestReminders" name="test_send_forbidden_for_teacher" time="0.121" /><testcase classname="tests.test_phase2b.TestRegressionSmoke" name="test_login_super" time="0.330" /><testcase classname="tests.test_phase2b.TestStudentUniqueId" name="test_all_existing_students_have_student_id" time="0.742" /><testcase classname="tests.test_phase2b.TestStudentUniqueId" name="test_uniqueness_within_school" time="0.084" /><testcase classname="tests.test_phase2b.TestRegressionSmoke" name="test_dashboard_admin" time="0.557" /><testcase classname="tests.test_phase2b.TestRegressionSmoke" name="test_voucher_json_endpoint_still_200" time="0.160" /><testcase classname="tests.test_phase2b.TestStudentUniqueId" name="test_new_student_gets_next_id" time="0.171" /><testcase classname="tests.test_phase2b.TestStudentUniqueId" name="test_search_by_student_id" time="0.394" /><testcase classname="tests.test_phase2b.TestRegressionSmoke" name="test_parent_students_only_own_children" time="0.471" /><testcase classname="tests.test_phase2b.TestRegressionSmoke" name="test_audit_logs_no_500" time="0.273" /><testcase classname="tests.test_phase2b.TestStudentUniqueId" name="test_school_a_and_b_sequences_independent" time="0.729" /><testcase classname="tests.backend_test.TestTenantIsolation" name="test_students_disjoint" time="0.692" /><testcase classname="tests.backend_test.TestRoleGating" name="test_teacher_can_list_students" time="0.396" /><testcase classname="tests.backend_test.TestTenantIsolation" name="test_cross_school_student_404" time="0.399" /><testcase classname="tests.backend_test.TestTenantIsolation" name="test_classes_disjoint" time="0.169" /><testcase classname="tests.backend_test.TestRoleGating" name="test_teacher_cannot_create_student" time="0.510" /><testcase classname="tests.backend_test.TestTenantIsolation" name="test_notices_disjoint" time="0.189" /><testcase classname="tests.backend_test.TestRoleGating" name="test_teacher_can_create_notice" time="0.072" /><testcase classname="tests.backend_test.TestRoleGating" name="test_teacher_cannot_create_class" time="0.070" /><testcase classname="tests.test_phase2.TestFeeVoucher" name="test_admin_voucher_ok" time="1.348" /><testcase classname="tests.test_phase2.TestResultCard" name="test_admin_result_card" time="1.411" /><testcase classname="tests.test_phase2.TestFeeVoucher" name="test_cross_school_voucher_404" time="0.549" /><testcase classname="tests.test_phase2.TestResultCard" name="test_cross_school_card_404" time="0.791" /><testcase classname="tests.test_phase2.TestFeeVoucher" name="test_parent_can_access_own_child" time="0.366" /><testcase classname="tests.test_phase2.TestFeeVoucher" name="test_parent_cannot_access_other_child" time="0.607" /><testcase classname="tests.test_phase2.TestResultCard" name="test_parent_own_child_ok" time="0.429" /><testcase classname="tests.test_phase2.TestResultCard" name="test_parent_other_child_forbidden" time="0.268" /><testcase classname="tests.test_phase3.TestPayroll" name="test_set_salary" time="0.666" /><testcase classname="tests.test_phase3.TestReports" name="test_summary_admin" time="0.621" /><testcase classname="tests.test_phase3.TestReports" name="test_summary_teacher_403" time="0.562" /><testcase classname="tests.test_phase3.TestReports" name="test_students_csv" time="0.077" /><testcase classname="tests.test_phase3.TestPayroll" name="test_cross_tenant_salary_404" time="0.760" /><testcase classname="tests.test_phase3.TestReports" name="test_fee_csv" time="0.091" /><testcase classname="tests.test_phase3.TestPayroll" name="test_process_and_pay_and_slip" time="1.615" /><testcase classname="tests.test_phase2b.TestStudentAdmissionFields" name="test_admission_with_new_fields" time="0.462" /><testcase classname="tests.test_phase2b.TestStudentAdmissionFields" name="test_receptionist_can_create" time="0.724" /><testcase classname="tests.test_phase2b.TestStudentAdmissionFields" name="test_teacher_cannot_create_student" time="0.544" /><testcase classname="tests.test_phase3.TestPayroll" name="test_pay_double_400" time="0.141" /><testcase classname="tests.backend_test.TestTrial" name="test_green_valley_7d" time="0.087" /><testcase classname="tests.backend_test.TestTrial" name="test_iqra_state" time="0.645" /><testcase classname="tests.test_phase2b.TestStudentUpdate" name="test_update_fields" time="1.300" /><testcase classname="tests.test_phase2.TestChangePassword" name="test_wrong_current" time="0.614" /><testcase classname="tests.test_phase2.TestChangePassword" name="test_change_and_rollback" time="1.923" /><testcase classname="tests.test_phase2b.TestStudentUpdate" name="test_update_cross_tenant_404" time="1.129" /><testcase classname="tests.test_phase2b.TestStudentUpdate" name="test_photo_update_teacher_allowed" time="1.060" /><testcase classname="tests.test_phase3.TestParentDashboard" name="test_parent_dashboard_scoped" time="0.428" /><testcase classname="tests.test_phase2b.TestVoucherPDF" name="test_voucher_pdf_binary" time="1.123" /><testcase classname="tests.test_phase3.TestParentDashboard" name="test_school_admin_dashboard_wide" time="0.411" /><testcase classname="tests.test_phase3.TestResultCardPDF" name="test_admin_pdf_ok" time="0.473" /><testcase classname="tests.test_phase2b.TestVoucherPDF" name="test_voucher_pdf_cross_school_404" time="0.486" /><testcase classname="tests.test_phase3.TestResultCardPDF" name="test_cross_tenant_pdf_404" time="0.711" /><testcase classname="tests.test_phase3.TestAccounts" name="test_create_and_list" time="0.765" /><testcase classname="tests.backend_test.TestPaymentFlow" name="test_submit_and_approve" time="0.879" /><testcase classname="tests.test_phase3.TestAccounts" name="test_ledger_tenant_scoped" time="0.689" /><testcase classname="tests.backend_test.TestCRUDFlow" name="test_full_flow" time="1.635" /><testcase classname="tests.backend_test.TestTimetable" name="test_teacher_conflict" time="0.418" /><testcase classname="tests.backend_test.TestSubscriptionExpiry" name="test_402_when_expired" time="0.735" /><testcase classname="tests.backend_test.TestLockout" name="test_lockout_flaky_due_to_ip_identifier" time="2.231" /><testcase classname="tests.test_phase2b.TestIdCardBackText" name="test_settings_update_and_reflect" time="1.009" /><testcase classname="tests.test_phase2b.TestResultCardPhoto" name="test_result_card_includes_photo_url" time="1.245" /><testcase classname="tests.test_phase2.TestParentStudentScoping" name="test_parent_students_only_own_children" time="0.395" /></testsuite></testsuites>