<?xml version="1.0" encoding="utf-8"?><testsuites name="pytest tests"><testsuite name="pytest" errors="0" failures="2" skipped="1" tests="21" time="5.341" timestamp="2026-08-14T10:48:33.161310+00:00" hostname="agent-env-c6f28061-c0da-4747-a963-452a50e578e1"><testcase classname="tests.test_phase4.TestCustomRoles" name="test_teacher_forbidden_list" time="0.635" /><testcase classname="tests.test_phase4.TestXLSXExports" name="test_students_xlsx" time="0.732" /><testcase classname="tests.test_phase4.TestXLSXExports" name="test_students_xlsx_teacher_403" time="0.579" /><testcase classname="tests.test_phase4.TestCustomRoles" name="test_admin_crud_and_sanitize" time="1.214" /><testcase classname="tests.test_phase4.TestXLSXExports" name="test_fee_collection_xlsx" time="0.096" /><testcase classname="tests.test_phase4.TestXLSXExports" name="test_expenses_xlsx" time="0.123" /><testcase classname="tests.test_phase4.TestXLSXExports" name="test_ledger_xlsx" time="0.116" /><testcase classname="tests.test_phase4.TestXLSXExports" name="test_payroll_xlsx_404_for_missing_month" time="0.125" /><testcase classname="tests.test_phase4.TestWhatsAppUnconfigured" name="test_env_vars_are_unset" time="0.000" /><testcase classname="tests.test_phase4.TestWhatsAppUnconfigured" name="test_send_now_returns_not_configured_and_queued" time="0.380" /><testcase classname="tests.test_phase4.TestCustomRoles" name="test_cross_tenant_role_isolation" time="0.830"><failure message="assert 200 == 404&#10; +  where 200 = &lt;Response [200]&gt;.status_code">tests/test_phase4.py:117: in test_cross_tenant_role_isolation
    assert r_del.status_code == 404
E   assert 200 == 404
E    +  where 200 = &lt;Response [200]&gt;.status_code</failure></testcase><testcase classname="tests.test_phase4.TestWhatsAppUnconfigured" name="test_cross_tenant_invoice_ids_silently_ignored" time="0.382"><skipped type="pytest.skip" message="school B has no invoices">/app/backend/tests/test_phase4.py:268: school B has no invoices</skipped></testcase><testcase classname="tests.test_phase4.TestWhatsAppUnconfigured" name="test_webhook_updates_reminder_log" time="0.301" /><testcase classname="tests.test_phase4.TestCustomRoles" name="test_delete_when_assigned_fails" time="0.467" /><testcase classname="tests.test_phase4.TestFeeLedgerAutoPost" name="test_payment_creates_single_ledger_credit" time="0.325" /><testcase classname="tests.test_phase4.TestFeeLedgerAutoPost" name="test_two_different_payments_two_ledger_entries" time="0.602" /><testcase classname="tests.test_phase4.TestPermissionsCatalog" name="test_catalog_available_to_all_roles" time="0.146" /><testcase classname="tests.test_phase4.TestPermissionsCatalog" name="test_permissions_me" time="0.153" /><testcase classname="tests.test_phase4.TestAccountingConsistency" name="test_summary_direction_matches_ledger" time="0.149"><failure message="assert 422 == 200&#10; +  where 422 = &lt;Response [422]&gt;.status_code">tests/test_phase4.py:342: in test_summary_direction_matches_ledger
    assert r.status_code == 200
E   assert 422 == 200
E    +  where 422 = &lt;Response [422]&gt;.status_code</failure></testcase><testcase classname="tests.test_phase4.TestRefund" name="test_refund_creates_debit_and_reverses_invoice" time="0.637" /><testcase classname="tests.test_phase4.TestRefund" name="test_refund_cross_tenant_404" time="0.352" /></testsuite></testsuites>