<?xml version="1.0" encoding="utf-8"?><testsuites name="pytest tests"><testsuite name="pytest" errors="0" failures="0" skipped="0" tests="52" time="17.570" timestamp="2026-08-13T15:09:21.013292+00:00" hostname="agent-env-c6f28061-c0da-4747-a963-452a50e578e1"><testcase classname="tests.backend_test.TestAuth" name="test_health" time="0.132" /><testcase classname="tests.backend_test.TestAuth" name="test_login_super" time="0.511" /><testcase classname="tests.backend_test.TestAuth" name="test_login_wrong_password" time="0.505" /><testcase classname="tests.backend_test.TestAuth" name="test_me_via_bearer" time="0.589" /><testcase classname="tests.test_phase2.TestDiary" name="test_teacher_can_post" time="1.834" /><testcase classname="tests.backend_test.TestAuth" name="test_me_unauth" time="0.086" /><testcase classname="tests.backend_test.TestAuth" name="test_logout_clears_cookies" time="0.523" /><testcase classname="tests.backend_test.TestAuth" name="test_forgot_password_creates_token" time="0.139" /><testcase classname="tests.test_phase2.TestDiary" name="test_parent_cannot_post" time="0.591" /><testcase classname="tests.backend_test.TestAuth" name="test_register_school_and_trial" time="0.560" /><testcase classname="tests.test_phase2.TestDiary" name="test_student_cannot_post" time="0.551" /><testcase classname="tests.test_phase2.TestDiary" name="test_parent_get_scoped_to_children" time="0.534" /><testcase classname="tests.backend_test.TestAuth" name="test_register_duplicate_email" time="0.079" /><testcase classname="tests.backend_test.TestSuperAdmin" name="test_stats" time="0.369" /><testcase classname="tests.backend_test.TestSuperAdmin" name="test_schools_search" time="0.075" /><testcase classname="tests.test_phase2.TestDiary" name="test_student_get_scoped_to_own_class" time="0.169" /><testcase classname="tests.backend_test.TestSuperAdmin" name="test_extend_suspend_activate" time="1.206" /><testcase classname="tests.test_phase2.TestDiary" name="test_tenant_isolation_diary" time="1.349" /><testcase classname="tests.backend_test.TestSuperAdmin" name="test_audit_logs" time="0.083" /><testcase classname="tests.backend_test.TestSuperAdmin" name="test_school_endpoints_forbidden_for_school_admin" time="0.108" /><testcase classname="tests.test_phase2.TestDiary" name="test_author_delete_only" time="4.044" /><testcase classname="tests.backend_test.TestTenantIsolation" name="test_students_disjoint" time="2.589" /><testcase classname="tests.backend_test.TestTenantIsolation" name="test_cross_school_student_404" time="0.233" /><testcase classname="tests.backend_test.TestTenantIsolation" name="test_classes_disjoint" time="0.163" /><testcase classname="tests.backend_test.TestTenantIsolation" name="test_notices_disjoint" time="0.415" /><testcase classname="tests.backend_test.TestRoleGating" name="test_teacher_can_list_students" time="0.399" /><testcase classname="tests.backend_test.TestRoleGating" name="test_teacher_cannot_create_student" time="0.159" /><testcase classname="tests.backend_test.TestRoleGating" name="test_teacher_can_create_notice" time="0.094" /><testcase classname="tests.backend_test.TestRoleGating" name="test_teacher_cannot_create_class" time="0.085" /><testcase classname="tests.test_phase2.TestReminders" name="test_config_not_configured" time="0.088" /><testcase classname="tests.test_phase2.TestReminders" name="test_config_update_admin_only" time="0.607" /><testcase classname="tests.test_phase2.TestReminders" name="test_due_soon" time="0.164" /><testcase classname="tests.test_phase2.TestFeeVoucher" name="test_admin_voucher_ok" time="0.949" /><testcase classname="tests.test_phase2.TestReminders" name="test_send_dry_run_does_not_claim_sent" time="0.432" /><testcase classname="tests.test_phase2.TestFeeVoucher" name="test_cross_school_voucher_404" time="0.460" /><testcase classname="tests.test_phase2.TestReminders" name="test_send_forbidden_for_teacher" time="0.094" /><testcase classname="tests.test_phase2.TestFeeVoucher" name="test_parent_can_access_own_child" time="0.399" /><testcase classname="tests.test_phase2.TestFeeVoucher" name="test_parent_cannot_access_other_child" time="0.390" /><testcase classname="tests.test_phase2.TestResultCard" name="test_admin_result_card" time="0.590" /><testcase classname="tests.test_phase2.TestResultCard" name="test_cross_school_card_404" time="0.106" /><testcase classname="tests.test_phase2.TestResultCard" name="test_parent_own_child_ok" time="0.078" /><testcase classname="tests.test_phase2.TestResultCard" name="test_parent_other_child_forbidden" time="0.348" /><testcase classname="tests.backend_test.TestTrial" name="test_green_valley_7d" time="0.072" /><testcase classname="tests.backend_test.TestTrial" name="test_iqra_state" time="0.118" /><testcase classname="tests.backend_test.TestPaymentFlow" name="test_submit_and_approve" time="1.451" /><testcase classname="tests.test_phase2.TestChangePassword" name="test_wrong_current" time="0.473" /><testcase classname="tests.test_phase2.TestChangePassword" name="test_change_and_rollback" time="1.497" /><testcase classname="tests.backend_test.TestCRUDFlow" name="test_full_flow" time="2.285" /><testcase classname="tests.backend_test.TestSubscriptionExpiry" name="test_402_when_expired" time="1.063" /><testcase classname="tests.backend_test.TestLockout" name="test_lockout_flaky_due_to_ip_identifier" time="2.435" /><testcase classname="tests.backend_test.TestTimetable" name="test_teacher_conflict" time="1.370" /><testcase classname="tests.test_phase2.TestParentStudentScoping" name="test_parent_students_only_own_children" time="0.392" /></testsuite></testsuites>