<?xml version="1.0" encoding="utf-8"?><testsuites name="pytest tests"><testsuite name="pytest" errors="0" failures="0" skipped="1" tests="145" time="44.868" timestamp="2026-08-14T10:49:14.571963+00:00" hostname="agent-env-c6f28061-c0da-4747-a963-452a50e578e1"><testcase classname="tests.backend_test.TestAuth" name="test_health" time="0.102" /><testcase classname="tests.backend_test.TestAuth" name="test_login_super" time="0.514" /><testcase classname="tests.backend_test.TestAuth" name="test_login_wrong_password" time="0.297" /><testcase classname="tests.test_phase2b.TestIdCards" name="test_id_card_preview" time="1.215" /><testcase classname="tests.backend_test.TestAuth" name="test_me_via_bearer" time="0.366" /><testcase classname="tests.backend_test.TestAuth" name="test_me_unauth" time="0.246" /><testcase classname="tests.backend_test.TestAuth" name="test_logout_clears_cookies" time="0.451" /><testcase classname="tests.test_phase2b.TestIdCards" name="test_id_card_cross_school_404" time="0.428" /><testcase classname="tests.test_phase2b.TestIdCards" name="test_bulk_by_student_ids" time="0.339" /><testcase classname="tests.backend_test.TestAuth" name="test_forgot_password_creates_token" time="0.255" /><testcase classname="tests.test_phase2b.TestIdCards" name="test_bulk_by_class" time="0.252" /><testcase classname="tests.backend_test.TestAuth" name="test_register_school_and_trial" time="0.399" /><testcase classname="tests.test_phase2b.TestIdCards" name="test_bulk_requires_input" time="0.082" /><testcase classname="tests.test_phase2b.TestIdCards" name="test_bulk_class_from_other_school_returns_404_or_no_match" time="0.339" /><testcase classname="tests.backend_test.TestAuth" name="test_register_duplicate_email" time="0.097" /><testcase classname="tests.test_phase2b.TestIdCards" name="test_teacher_allowed_pdf" time="0.661" /><testcase classname="tests.test_phase2b.TestPhotoUpload" name="test_upload_and_download_same_school" time="0.891" /><testcase classname="tests.test_phase2b.TestIdCards" name="test_parent_forbidden_pdf" time="0.373" /><testcase classname="tests.test_phase2b.TestPhotoUpload" name="test_reject_non_image" time="0.106" /><testcase classname="tests.test_phase2b.TestPhotoUpload" name="test_reject_oversize" time="0.523" /><testcase classname="tests.test_phase2b.TestIdCards" name="test_student_forbidden_pdf" time="0.536" /><testcase classname="tests.test_phase2b.TestPhotoUpload" name="test_tenant_isolation_serve_returns_404" time="0.615" /><testcase classname="tests.test_phase3.TestExpenses" name="test_create_by_admin" time="0.571" /><testcase classname="tests.test_phase3.TestExpenses" name="test_teacher_forbidden" time="0.562" /><testcase classname="tests.test_phase2b.TestPhotoUpload" name="test_teacher_same_school_can_view" time="0.808" /><testcase classname="tests.test_phase3.TestExpenses" name="test_parent_forbidden" time="0.390" /><testcase classname="tests.test_phase3.TestExpenses" name="test_list_filters" time="0.395" /><testcase classname="tests.test_phase2b.TestPhotoUpload" name="test_super_admin_can_view_any_file" time="0.388" /><testcase classname="tests.test_phase2b.TestPhotoUpload" name="test_path_traversal_rejected" time="0.071" /><testcase classname="tests.test_phase2b.TestPhotoUpload" name="test_unauthenticated_download_401" time="0.073" /><testcase classname="tests.test_phase3.TestExpenses" name="test_cross_tenant_invisible" time="0.562" /><testcase classname="tests.test_phase3.TestExpenses" name="test_cross_tenant_approve_404" time="0.091" /><testcase classname="tests.test_phase3.TestExpenses" name="test_approve_creates_ledger" time="0.384" /><testcase classname="tests.test_phase3.TestExpenses" name="test_double_approve_fails" time="0.262" /><testcase classname="tests.test_phase3.TestAdmissions" name="test_public_schools" time="0.066" /><testcase classname="tests.test_phase3.TestAdmissions" name="test_public_enquiry_no_auth" time="0.125" /><testcase classname="tests.test_phase2.TestDiary" name="test_teacher_can_post" time="1.540" /><testcase classname="tests.test_phase3.TestAdmissions" name="test_public_enquiry_invalid_school_404" time="0.073" /><testcase classname="tests.test_phase3.TestAdmissions" name="test_list_teacher_403" time="0.075" /><testcase classname="tests.test_phase3.TestAdmissions" name="test_list_admin_tenant_scoped" time="0.653" /><testcase classname="tests.test_phase2.TestDiary" name="test_parent_cannot_post" time="0.396" /><testcase classname="tests.test_phase2.TestDiary" name="test_student_cannot_post" time="0.380" /><testcase classname="tests.test_phase3.TestAdmissions" name="test_convert_creates_student" time="0.361" /><testcase classname="tests.test_phase2.TestDiary" name="test_parent_get_scoped_to_children" time="0.411" /><testcase classname="tests.test_phase3.TestAdmissions" name="test_cross_tenant_convert_404" time="0.231" /><testcase classname="tests.test_phase2.TestDiary" name="test_student_get_scoped_to_own_class" time="0.215" /><testcase classname="tests.test_phase3.TestSystemSettings" name="test_get_requires_super_admin_school_admin_403" time="0.067" /><testcase classname="tests.test_phase3.TestSystemSettings" name="test_get_teacher_403" time="0.117" /><testcase classname="tests.test_phase3.TestSystemSettings" name="test_super_admin_can_get" time="0.748" /><testcase classname="tests.test_phase3.TestSystemSettings" name="test_super_admin_can_put" time="0.523" /><testcase classname="tests.test_phase2.TestDiary" name="test_tenant_isolation_diary" time="1.489" /><testcase classname="tests.test_phase3.TestSystemSettings" name="test_put_school_admin_403" time="0.073" /><testcase classname="tests.test_phase3.TestSystemSettings" name="test_public_branding_no_auth" time="0.110" /><testcase classname="tests.test_phase2.TestDiary" name="test_author_delete_only" time="1.015" /><testcase classname="tests.backend_test.TestSuperAdmin" name="test_stats" time="0.600" /><testcase classname="tests.backend_test.TestSuperAdmin" name="test_schools_search" time="0.084" /><testcase classname="tests.backend_test.TestSuperAdmin" name="test_extend_suspend_activate" time="0.754" /><testcase classname="tests.test_phase4.TestXLSXExports" name="test_students_xlsx" time="0.392" /><testcase classname="tests.backend_test.TestSuperAdmin" name="test_audit_logs" time="0.245" /><testcase classname="tests.test_phase4.TestXLSXExports" name="test_students_xlsx_teacher_403" time="0.378" /><testcase classname="tests.test_phase4.TestXLSXExports" name="test_fee_collection_xlsx" time="0.250" /><testcase classname="tests.test_phase4.TestXLSXExports" name="test_expenses_xlsx" time="0.079" /><testcase classname="tests.backend_test.TestSuperAdmin" name="test_school_endpoints_forbidden_for_school_admin" time="0.459" /><testcase classname="tests.test_phase4.TestXLSXExports" name="test_ledger_xlsx" time="0.094" /><testcase classname="tests.test_phase4.TestXLSXExports" name="test_payroll_xlsx_404_for_missing_month" time="0.274" /><testcase classname="tests.test_phase2.TestReminders" name="test_config_not_configured" time="0.392" /><testcase classname="tests.test_phase2b.TestStudentUniqueId" name="test_all_existing_students_have_student_id" time="0.577" /><testcase classname="tests.test_phase2.TestReminders" name="test_config_update_admin_only" time="0.723" /><testcase classname="tests.test_phase2b.TestStudentUniqueId" name="test_uniqueness_within_school" time="0.102" /><testcase classname="tests.test_phase2b.TestStudentUniqueId" name="test_new_student_gets_next_id" time="0.164" /><testcase classname="tests.test_phase2b.TestStudentUniqueId" name="test_search_by_student_id" time="0.380" /><testcase classname="tests.test_phase2.TestReminders" name="test_due_soon" time="0.847" /><testcase classname="tests.test_phase2b.TestStudentUniqueId" name="test_school_a_and_b_sequences_independent" time="0.539" /><testcase classname="tests.test_phase2.TestReminders" name="test_send_dry_run_does_not_claim_sent" time="0.477" /><testcase classname="tests.test_phase2b.TestRegressionSmoke" name="test_login_super" time="0.338" /><testcase classname="tests.test_phase2b.TestRegressionSmoke" name="test_dashboard_admin" time="0.088" /><testcase classname="tests.test_phase2.TestReminders" name="test_send_forbidden_for_teacher" time="0.082" /><testcase classname="tests.test_phase2b.TestRegressionSmoke" name="test_voucher_json_endpoint_still_200" time="0.345" /><testcase classname="tests.backend_test.TestTenantIsolation" name="test_students_disjoint" time="0.727" /><testcase classname="tests.test_phase2b.TestRegressionSmoke" name="test_parent_students_only_own_children" time="0.382" /><testcase classname="tests.test_phase2b.TestRegressionSmoke" name="test_audit_logs_no_500" time="0.089" /><testcase classname="tests.backend_test.TestTenantIsolation" name="test_cross_school_student_404" time="0.460" /><testcase classname="tests.backend_test.TestRoleGating" name="test_teacher_can_list_students" time="0.394" /><testcase classname="tests.backend_test.TestRoleGating" name="test_teacher_cannot_create_student" time="0.166" /><testcase classname="tests.backend_test.TestTenantIsolation" name="test_classes_disjoint" time="0.168" /><testcase classname="tests.backend_test.TestRoleGating" name="test_teacher_can_create_notice" time="0.071" /><testcase classname="tests.backend_test.TestTenantIsolation" name="test_notices_disjoint" time="0.148" /><testcase classname="tests.backend_test.TestRoleGating" name="test_teacher_cannot_create_class" time="0.073" /><testcase classname="tests.test_phase2.TestFeeVoucher" name="test_admin_voucher_ok" time="1.313" /><testcase classname="tests.test_phase2.TestResultCard" name="test_admin_result_card" time="1.696" /><testcase classname="tests.test_phase2.TestFeeVoucher" name="test_cross_school_voucher_404" time="0.686" /><testcase classname="tests.test_phase2.TestResultCard" name="test_cross_school_card_404" time="0.409" /><testcase classname="tests.test_phase2.TestFeeVoucher" name="test_parent_can_access_own_child" time="0.615" /><testcase classname="tests.test_phase2.TestResultCard" name="test_parent_own_child_ok" time="0.700" /><testcase classname="tests.test_phase2.TestFeeVoucher" name="test_parent_cannot_access_other_child" time="0.420" /><testcase classname="tests.test_phase2.TestResultCard" name="test_parent_other_child_forbidden" time="0.289" /><testcase classname="tests.test_phase3.TestPayroll" name="test_set_salary" time="0.655" /><testcase classname="tests.test_phase3.TestReports" name="test_summary_admin" time="0.592" /><testcase classname="tests.test_phase3.TestReports" name="test_summary_teacher_403" time="0.631" /><testcase classname="tests.test_phase3.TestPayroll" name="test_cross_tenant_salary_404" time="0.632" /><testcase classname="tests.test_phase3.TestReports" name="test_students_csv" time="0.082" /><testcase classname="tests.test_phase3.TestPayroll" name="test_process_and_pay_and_slip" time="7.222" /><testcase classname="tests.test_phase3.TestReports" name="test_fee_csv" time="0.083" /><testcase classname="tests.test_phase4.TestCustomRoles" name="test_teacher_forbidden_list" time="5.493" /><testcase classname="tests.test_phase4.TestCustomRoles" name="test_admin_crud_and_sanitize" time="0.633" /><testcase classname="tests.test_phase4.TestCustomRoles" name="test_cross_tenant_role_isolation" time="1.086" /><testcase classname="tests.test_phase3.TestPayroll" name="test_pay_double_400" time="0.211" /><testcase classname="tests.test_phase4.TestCustomRoles" name="test_delete_when_assigned_fails" time="0.901" /><testcase classname="tests.test_phase4.TestWhatsAppUnconfigured" name="test_env_vars_are_unset" time="0.000" /><testcase classname="tests.test_phase4.TestWhatsAppUnconfigured" name="test_send_now_returns_not_configured_and_queued" time="0.528" /><testcase classname="tests.test_phase4.TestWhatsAppUnconfigured" name="test_cross_tenant_invoice_ids_silently_ignored" time="0.418"><skipped type="pytest.skip" message="school B has no invoices">/app/backend/tests/test_phase4.py:272: school B has no invoices</skipped></testcase><testcase classname="tests.test_phase4.TestWhatsAppUnconfigured" name="test_webhook_updates_reminder_log" time="0.426" /><testcase classname="tests.test_phase2b.TestStudentAdmissionFields" name="test_admission_with_new_fields" time="0.921" /><testcase classname="tests.test_phase2b.TestStudentAdmissionFields" name="test_receptionist_can_create" time="0.927" /><testcase classname="tests.test_phase2b.TestStudentUpdate" name="test_update_fields" time="0.999" /><testcase classname="tests.test_phase2b.TestStudentUpdate" name="test_update_cross_tenant_404" time="0.631" /><testcase classname="tests.test_phase2b.TestStudentAdmissionFields" name="test_teacher_cannot_create_student" time="0.394" /><testcase classname="tests.backend_test.TestTrial" name="test_green_valley_7d" time="0.249" /><testcase classname="tests.test_phase2b.TestStudentUpdate" name="test_photo_update_teacher_allowed" time="0.713" /><testcase classname="tests.backend_test.TestTrial" name="test_iqra_state" time="0.389" /><testcase classname="tests.test_phase2.TestChangePassword" name="test_wrong_current" time="0.846" /><testcase classname="tests.test_phase2.TestChangePassword" name="test_change_and_rollback" time="1.960" /><testcase classname="tests.test_phase2b.TestVoucherPDF" name="test_voucher_pdf_binary" time="1.285" /><testcase classname="tests.test_phase2b.TestVoucherPDF" name="test_voucher_pdf_cross_school_404" time="0.985" /><testcase classname="tests.test_phase3.TestAccounts" name="test_create_and_list" time="0.905" /><testcase classname="tests.test_phase3.TestParentDashboard" name="test_parent_dashboard_scoped" time="0.396" /><testcase classname="tests.test_phase3.TestAccounts" name="test_ledger_tenant_scoped" time="0.654" /><testcase classname="tests.test_phase3.TestParentDashboard" name="test_school_admin_dashboard_wide" time="0.635" /><testcase classname="tests.test_phase3.TestResultCardPDF" name="test_admin_pdf_ok" time="0.707" /><testcase classname="tests.test_phase4.TestPermissionsCatalog" name="test_catalog_available_to_all_roles" time="0.879" /><testcase classname="tests.test_phase3.TestResultCardPDF" name="test_cross_tenant_pdf_404" time="0.277" /><testcase classname="tests.test_phase4.TestPermissionsCatalog" name="test_permissions_me" time="0.154" /><testcase classname="tests.test_phase4.TestRefund" name="test_refund_creates_debit_and_reverses_invoice" time="0.824" /><testcase classname="tests.test_phase4.TestFeeLedgerAutoPost" name="test_payment_creates_single_ledger_credit" time="0.621" /><testcase classname="tests.test_phase4.TestFeeLedgerAutoPost" name="test_two_different_payments_two_ledger_entries" time="0.831" /><testcase classname="tests.test_phase4.TestRefund" name="test_refund_cross_tenant_404" time="0.875" /><testcase classname="tests.backend_test.TestCRUDFlow" name="test_full_flow" time="1.340" /><testcase classname="tests.backend_test.TestPaymentFlow" name="test_submit_and_approve" time="1.137" /><testcase classname="tests.backend_test.TestTimetable" name="test_teacher_conflict" time="0.424" /><testcase classname="tests.backend_test.TestLockout" name="test_lockout_flaky_due_to_ip_identifier" time="2.772" /><testcase classname="tests.backend_test.TestSubscriptionExpiry" name="test_402_when_expired" time="1.630" /><testcase classname="tests.test_phase2.TestParentStudentScoping" name="test_parent_students_only_own_children" time="0.543" /><testcase classname="tests.test_phase4.TestAccountingConsistency" name="test_summary_direction_matches_ledger" time="0.444" /><testcase classname="tests.test_phase2b.TestIdCardBackText" name="test_settings_update_and_reflect" time="0.642" /><testcase classname="tests.test_phase2b.TestResultCardPhoto" name="test_result_card_includes_photo_url" time="0.458" /></testsuite></testsuites>