<?xml version="1.0" encoding="utf-8"?><testsuites name="pytest tests"><testsuite name="pytest" errors="0" failures="0" skipped="0" tests="37" time="7.711" timestamp="2026-08-13T15:09:05.787456+00:00" hostname="agent-env-c6f28061-c0da-4747-a963-452a50e578e1"><testcase classname="tests.test_phase2b.TestIdCards" name="test_id_card_preview" time="0.869" /><testcase classname="tests.test_phase2b.TestPhotoUpload" name="test_upload_and_download_same_school" time="0.887" /><testcase classname="tests.test_phase2b.TestPhotoUpload" name="test_reject_non_image" time="0.306" /><testcase classname="tests.test_phase2b.TestIdCards" name="test_id_card_cross_school_404" time="0.395" /><testcase classname="tests.test_phase2b.TestPhotoUpload" name="test_reject_oversize" time="0.541" /><testcase classname="tests.test_phase2b.TestIdCards" name="test_bulk_by_student_ids" time="0.180" /><testcase classname="tests.test_phase2b.TestIdCards" name="test_bulk_by_class" time="0.282" /><testcase classname="tests.test_phase2b.TestIdCards" name="test_bulk_requires_input" time="0.082" /><testcase classname="tests.test_phase2b.TestIdCards" name="test_bulk_class_from_other_school_returns_404_or_no_match" time="0.347" /><testcase classname="tests.test_phase2b.TestPhotoUpload" name="test_tenant_isolation_serve_returns_404" time="0.503" /><testcase classname="tests.test_phase2b.TestIdCards" name="test_teacher_allowed_pdf" time="0.597" /><testcase classname="tests.test_phase2b.TestPhotoUpload" name="test_teacher_same_school_can_view" time="0.563" /><testcase classname="tests.test_phase2b.TestIdCards" name="test_parent_forbidden_pdf" time="0.567" /><testcase classname="tests.test_phase2b.TestPhotoUpload" name="test_super_admin_can_view_any_file" time="0.827" /><testcase classname="tests.test_phase2b.TestIdCards" name="test_student_forbidden_pdf" time="0.425" /><testcase classname="tests.test_phase2b.TestPhotoUpload" name="test_path_traversal_rejected" time="0.071" /><testcase classname="tests.test_phase2b.TestPhotoUpload" name="test_unauthenticated_download_401" time="0.125" /><testcase classname="tests.test_phase2b.TestStudentUniqueId" name="test_all_existing_students_have_student_id" time="0.132" /><testcase classname="tests.test_phase2b.TestRegressionSmoke" name="test_login_super" time="0.320" /><testcase classname="tests.test_phase2b.TestStudentUniqueId" name="test_uniqueness_within_school" time="0.266" /><testcase classname="tests.test_phase2b.TestRegressionSmoke" name="test_dashboard_admin" time="0.080" /><testcase classname="tests.test_phase2b.TestStudentUniqueId" name="test_new_student_gets_next_id" time="0.097" /><testcase classname="tests.test_phase2b.TestRegressionSmoke" name="test_voucher_json_endpoint_still_200" time="0.200" /><testcase classname="tests.test_phase2b.TestStudentUniqueId" name="test_search_by_student_id" time="0.255" /><testcase classname="tests.test_phase2b.TestStudentUniqueId" name="test_school_a_and_b_sequences_independent" time="0.446" /><testcase classname="tests.test_phase2b.TestRegressionSmoke" name="test_parent_students_only_own_children" time="0.389" /><testcase classname="tests.test_phase2b.TestRegressionSmoke" name="test_audit_logs_no_500" time="0.081" /><testcase classname="tests.test_phase2b.TestStudentAdmissionFields" name="test_admission_with_new_fields" time="0.075" /><testcase classname="tests.test_phase2b.TestStudentUpdate" name="test_update_fields" time="0.758" /><testcase classname="tests.test_phase2b.TestStudentAdmissionFields" name="test_receptionist_can_create" time="0.719" /><testcase classname="tests.test_phase2b.TestStudentUpdate" name="test_update_cross_tenant_404" time="0.267" /><testcase classname="tests.test_phase2b.TestStudentAdmissionFields" name="test_teacher_cannot_create_student" time="0.127" /><testcase classname="tests.test_phase2b.TestStudentUpdate" name="test_photo_update_teacher_allowed" time="0.254" /><testcase classname="tests.test_phase2b.TestVoucherPDF" name="test_voucher_pdf_binary" time="0.393" /><testcase classname="tests.test_phase2b.TestIdCardBackText" name="test_settings_update_and_reflect" time="0.292" /><testcase classname="tests.test_phase2b.TestVoucherPDF" name="test_voucher_pdf_cross_school_404" time="0.083" /><testcase classname="tests.test_phase2b.TestResultCardPhoto" name="test_result_card_includes_photo_url" time="0.459" /></testsuite></testsuites>