<?xml version="1.0" encoding="utf-8"?><testsuites name="pytest tests"><testsuite name="pytest" errors="0" failures="1" skipped="0" tests="23" time="8.110" timestamp="2026-08-13T14:40:45.787314+00:00" hostname="agent-env-c6f28061-c0da-4747-a963-452a50e578e1"><testcase classname="tests.test_phase2.TestReminders" name="test_config_not_configured" time="0.732" /><testcase classname="tests.test_phase2.TestReminders" name="test_config_update_admin_only" time="0.944" /><testcase classname="tests.test_phase2.TestDiary" name="test_teacher_can_post" time="2.016" /><testcase classname="tests.test_phase2.TestReminders" name="test_due_soon" time="0.829" /><testcase classname="tests.test_phase2.TestDiary" name="test_parent_cannot_post" time="0.466" /><testcase classname="tests.test_phase2.TestReminders" name="test_send_dry_run_does_not_claim_sent" time="0.447" /><testcase classname="tests.test_phase2.TestDiary" name="test_student_cannot_post" time="0.382" /><testcase classname="tests.test_phase2.TestDiary" name="test_parent_get_scoped_to_children" time="0.339" /><testcase classname="tests.test_phase2.TestReminders" name="test_send_forbidden_for_teacher" time="0.076" /><testcase classname="tests.test_phase2.TestFeeVoucher" name="test_admin_voucher_ok" time="0.199" /><testcase classname="tests.test_phase2.TestDiary" name="test_student_get_scoped_to_own_class" time="0.333" /><testcase classname="tests.test_phase2.TestFeeVoucher" name="test_cross_school_voucher_404" time="0.619" /><testcase classname="tests.test_phase2.TestFeeVoucher" name="test_parent_can_access_own_child" time="0.549" /><testcase classname="tests.test_phase2.TestDiary" name="test_tenant_isolation_diary" time="1.388" /><testcase classname="tests.test_phase2.TestFeeVoucher" name="test_parent_cannot_access_other_child" time="0.597" /><testcase classname="tests.test_phase2.TestDiary" name="test_author_delete_only" time="1.512" /><testcase classname="tests.test_phase2.TestChangePassword" name="test_wrong_current" time="0.515" /><testcase classname="tests.test_phase2.TestChangePassword" name="test_change_and_rollback" time="1.471" /><testcase classname="tests.test_phase2.TestParentStudentScoping" name="test_parent_students_only_own_children" time="0.092"><failure message="AssertionError: leaked student 5f3094da-6db3-40c3-83fb-564560ea8533&#10;assert None == '1fc70b74-1a95-44df-8449-5aed620c3154'">backend/tests/test_phase2.py:420: in test_parent_students_only_own_children
    assert stu["parent_id"] == u["id"], f"leaked student {stu.get('id')}"
E   AssertionError: leaked student 5f3094da-6db3-40c3-83fb-564560ea8533
E   assert None == '1fc70b74-1a95-44df-8449-5aed620c3154'</failure></testcase><testcase classname="tests.test_phase2.TestResultCard" name="test_admin_result_card" time="0.725" /><testcase classname="tests.test_phase2.TestResultCard" name="test_cross_school_card_404" time="0.078" /><testcase classname="tests.test_phase2.TestResultCard" name="test_parent_own_child_ok" time="0.077" /><testcase classname="tests.test_phase2.TestResultCard" name="test_parent_other_child_forbidden" time="0.220" /></testsuite></testsuites>